*design* DebussyLib (btIdent Verdi3_2012.10)
Command arguments:
    +define+verilog
    -2005
    -sv
    +define+gui+
    -f ../bin/rtl.flist
        +incdir+../../rtl/
        +incdir+../../sv/
        +incdir+/home/jieli/disk4/uvm_work/uvm_1p1d/uvm-1.1d/src
        ../../sv/top.sv


*Error* `include file "uvm_macros.svh" cannot be read
"../../sv/top.sv", 18: 

*Error* macro `uvm_object_utils_begin not defined
"../../sv/my_transaction.sv", 12: 

*Error* macro `uvm_field_int not defined
"../../sv/my_transaction.sv", 13: 

*Error* macro `uvm_field_int not defined
"../../sv/my_transaction.sv", 14: 

*Error* macro `uvm_field_queue_int not defined
"../../sv/my_transaction.sv", 15: 

*Error* macro `uvm_object_utils_end not defined
"../../sv/my_transaction.sv", 16: 

*Error* macro `uvm_object_utils not defined
"../../sv/my_sequence.sv", 5: 

*Error* macro `uvm_info not defined
"../../sv/my_sequence.sv", 31: 

*Error* macro `uvm_object_utils_begin not defined
"../../sv/agent_config.sv", 10: 

*Error* macro `uvm_field_enum not defined
"../../sv/agent_config.sv", 11: 

*Error* macro `uvm_field_int not defined
"../../sv/agent_config.sv", 12: 

*Error* macro `uvm_object_utils_end not defined
"../../sv/agent_config.sv", 13: 

*Error* macro `uvm_object_utils_begin not defined
"../../sv/env_config.sv", 11: 

*Error* macro `uvm_field_int not defined
"../../sv/env_config.sv", 12: 

*Error* macro `uvm_field_int not defined
"../../sv/env_config.sv", 13: 

*Error* macro `uvm_field_object not defined
"../../sv/env_config.sv", 14: 

*Error* macro `uvm_object_utils_end not defined
"../../sv/env_config.sv", 15: 

*Error* failed to find the package 'uvm_pkg'.
"../../sv/top.sv", 17: 

*Warning* failed to find the class 'uvm_sequence_item'.
"../../sv/my_transaction.sv", 6: 

*Warning* failed to find the class 'uvm_sequence'.
"../../sv/my_sequence.sv", 4: 

*Warning* 'uvm_sequence' is not a parameter type.
"../../sv/my_sequence.sv", 4: 

*Error* Syntax error at ,
"../../sv/my_sequence.sv", 31: 

*Error* Syntax error at end
"../../sv/my_sequence.sv", 32: 

*Warning* failed to find the class 'uvm_object'.
"../../sv/agent_config.sv", 4: 

*Error* Syntax error at is_active
"../../sv/agent_config.sv", 6: 

*Warning* failed to find the class 'uvm_object'.
"../../sv/env_config.sv", 4: 

*Error* macro `uvm_component_utils not defined
"../../sv/my_driver.sv", 8: 

*Error* macro `uvm_fatal not defined
"../../sv/my_driver.sv", 22: 

*Error* macro `uvm_fatal not defined
"../../sv/my_driver.sv", 26: 

*Error* macro `uvm_info not defined
"../../sv/my_driver.sv", 32: 

*Error* macro `uvm_info not defined
"../../sv/my_driver.sv", 43: 

*Error* macro `uvm_info not defined
"../../sv/my_driver.sv", 62: 

*Warning* failed to find the class 'uvm_driver'.
"../../sv/my_driver.sv", 6: 

*Warning* 'uvm_driver' is not a parameter type.
"../../sv/my_driver.sv", 6: 

*Error* Syntax error at parent
"../../sv/my_driver.sv", 15: 

*Error* Syntax error at phase
"../../sv/my_driver.sv", 19: 

*Error* Syntax error at phase
"../../sv/my_driver.sv", 30: 

*Error* Syntax error at )
"../../sv/my_driver.sv", 32: 

*Error* Syntax error at phase
"../../sv/my_driver.sv", 41: 

*Error* Syntax error at )
"../../sv/my_driver.sv", 43: 

*Error* Syntax error at phase
"../../sv/my_driver.sv", 56: 

*Error* Syntax error at ,
"../../sv/my_driver.sv", 62: 

*Error* macro `uvm_component_utils not defined
"../../sv/my_monitor.sv", 6: 

*Error* macro `uvm_info not defined
"../../sv/my_monitor.sv", 19: 

*Error* macro `uvm_fatal not defined
"../../sv/my_monitor.sv", 21: 

*Error* macro `uvm_warning not defined
"../../sv/my_monitor.sv", 75: 

*Error* macro `uvm_info not defined
"../../sv/my_monitor.sv", 82: 

*Error* macro `uvm_info not defined
"../../sv/my_monitor.sv", 83: 

*Error* macro `uvm_component_utils not defined
"../../sv/out_monitor.sv", 6: 

*Error* macro `uvm_info not defined
"../../sv/out_monitor.sv", 19: 

*Error* Syntax error at end
"../../sv/my_driver.sv", 92: 

*Error* Syntax error at endtask
"../../sv/my_driver.sv", 93: 

*Error* Syntax error at #
"../../sv/my_sequencer.sv", 4: 

*Warning* failed to find the class 'uvm_monitor'.
"../../sv/my_monitor.sv", 4: 

*Error* Syntax error at #
"../../sv/my_monitor.sv", 10: 

*Error* Syntax error at parent
"../../sv/my_monitor.sv", 12: 

*Error* Syntax error at phase
"../../sv/my_monitor.sv", 17: 

*Error* Syntax error at super
"../../sv/my_monitor.sv", 18: 

*Error* Syntax error at )
"../../sv/my_monitor.sv", 19: 

*Error* Syntax error at phase
"../../sv/my_monitor.sv", 25: 

*Error* Syntax error at ,
"../../sv/my_monitor.sv", 82: 

*Error* Syntax error at end
"../../sv/my_monitor.sv", 85: 

*Error* Syntax error at endtask
"../../sv/my_monitor.sv", 86: 

*Warning* failed to find the class 'uvm_monitor'.
"../../sv/out_monitor.sv", 4: 

*Error* Syntax error at #
"../../sv/out_monitor.sv", 10: 

*Error* Syntax error at parent
"../../sv/out_monitor.sv", 12: 

*Error* Syntax error at phase
"../../sv/out_monitor.sv", 17: 

*Error* Syntax error at super
"../../sv/out_monitor.sv", 18: 

*Error* Syntax error at )
"../../sv/out_monitor.sv", 19: 

*Error* macro `uvm_fatal not defined
"../../sv/out_monitor.sv", 21: 

*Error* macro `uvm_warning not defined
"../../sv/out_monitor.sv", 70: 

*Error* macro `uvm_info not defined
"../../sv/out_monitor.sv", 77: 

*Error* macro `uvm_info not defined
"../../sv/out_monitor.sv", 78: 

*Error* macro `uvm_component_utils not defined
"../../sv/master_agent.sv", 6: 

*Error* macro `uvm_fatal not defined
"../../sv/master_agent.sv", 25: 

*Error* macro `uvm_component_utils not defined
"../../sv/slave_agent.sv", 6: 

*Error* Syntax error at phase
"../../sv/out_monitor.sv", 25: 

*Error* Syntax error at ,
"../../sv/out_monitor.sv", 77: 

*Error* Syntax error at end
"../../sv/out_monitor.sv", 80: 

*Error* Syntax error at endtask
"../../sv/out_monitor.sv", 82: 

*Warning* failed to find the class 'uvm_agent'.
"../../sv/master_agent.sv", 4: 

*Error* Syntax error at m_seqr
"../../sv/master_agent.sv", 8: 

*Error* Syntax error at #
"../../sv/master_agent.sv", 14: 

*Error* Syntax error at parent
"../../sv/master_agent.sv", 16: 

*Error* Syntax error at phase
"../../sv/master_agent.sv", 21: 

*Error* Syntax error at super
"../../sv/master_agent.sv", 22: 

*Error* Syntax error at phase
"../../sv/master_agent.sv", 41: 

*Warning* failed to find the class 'uvm_agent'.
"../../sv/slave_agent.sv", 4: 

*Error* Syntax error at #
"../../sv/slave_agent.sv", 12: 

*Error* Syntax error at parent
"../../sv/slave_agent.sv", 14: 

*Error* macro `uvm_fatal not defined
"../../sv/slave_agent.sv", 23: 

*Error* macro `uvm_component_utils not defined
"../../sv/my_reference_model.sv", 6: 

*Error* macro `uvm_info not defined
"../../sv/my_reference_model.sv", 20: 

*Error* macro `uvm_component_utils not defined
"../../sv/my_scoreboard.sv", 6: 

*Error* macro `uvm_info not defined
"../../sv/my_scoreboard.sv", 23: 

*Error* macro `uvm_info not defined
"../../sv/my_scoreboard.sv", 28: 

*Error* macro `uvm_info not defined
"../../sv/my_scoreboard.sv", 31: 

*Error* macro `uvm_info not defined
"../../sv/my_scoreboard.sv", 33: 

*Error* macro `uvm_component_utils not defined
"../../sv/my_env.sv", 6: 

*Error* macro `uvm_fatal not defined
"../../sv/my_env.sv", 28: 

*Error* macro `uvm_info not defined
"../../sv/my_env.sv", 36: 

*Error* macro `uvm_info not defined
"../../sv/my_env.sv", 39: 

*Error* Syntax error at phase
"../../sv/slave_agent.sv", 19: 

*Error* Syntax error at super
"../../sv/slave_agent.sv", 20: 

*Error* Syntax error at phase
"../../sv/slave_agent.sv", 31: 

*Warning* failed to find the class 'uvm_component'.
"../../sv/my_reference_model.sv", 4: 

*Error* Syntax error at #
"../../sv/my_reference_model.sv", 8: 

*Error* Syntax error at #
"../../sv/my_reference_model.sv", 9: 

*Error* Syntax error at parent
"../../sv/my_reference_model.sv", 12: 

*Error* Syntax error at ,
"../../sv/my_reference_model.sv", 20: 

*Warning* failed to find the class 'uvm_scoreboard'.
"../../sv/my_scoreboard.sv", 4: 

*Error* Syntax error at #
"../../sv/my_scoreboard.sv", 8: 

*Warning* symbol uvm_blocking_get_port duplicated
"../../sv/my_scoreboard.sv", 9: 

*Error* Syntax error at #
"../../sv/my_scoreboard.sv", 9: 

*Error* Syntax error at parent
"../../sv/my_scoreboard.sv", 11: 

*Error* Syntax error at phase
"../../sv/my_scoreboard.sv", 17: 

*Warning* failed to find the class 'uvm_env'.
"../../sv/my_env.sv", 4: 

*Error* Syntax error at #
"../../sv/my_env.sv", 15: 

*Warning* symbol uvm_tlm_analysis_fifo duplicated
"../../sv/my_env.sv", 16: 

*Error* Syntax error at #
"../../sv/my_env.sv", 16: 

*Error* Syntax error at parent
"../../sv/my_env.sv", 18: 

*Error* Syntax error at phase
"../../sv/my_env.sv", 24: 

*Error* Syntax error at super
"../../sv/my_env.sv", 25: 

*Error* macro `uvm_info not defined
"../../sv/my_env.sv", 50: 

*Error* macro `uvm_component_utils not defined
"../../sv/my_test.sv", 6: 

*Error* macro `uvm_fatal not defined
"../../sv/my_test.sv", 36: 

*Error* Syntax error at phase
"../../sv/my_env.sv", 48: 

*Error* Syntax error at super
"../../sv/my_env.sv", 49: 

*Warning* failed to find the class 'uvm_test'.
"../../sv/my_test.sv", 4: 

*Error* Syntax error at parent
"../../sv/my_test.sv", 11: 

*Error* Syntax error at phase
"../../sv/my_test.sv", 16: 

*Error* Syntax error at super
"../../sv/my_test.sv", 17: 

*Error* Syntax error at phase
"../../sv/my_test.sv", 44: 

*Error* Syntax error at super
"../../sv/my_test.sv", 45: 
Highest level modules:
top


*Error* failed to find identifier uvm_config_db(router_io)::set
"../../sv/top.sv", 106: 

*Error* failed to find identifier run_test
"../../sv/top.sv", 107: 
Total	119 error(s),   17 warning(s)
