Chronologic Simulation VCS Release G-2012.09
Linux 2.6.32-71.el6.i686 #1 SMP Wed Sep 1 01:26:34 EDT 2010 i686
CPU cores: 1
Limit information:
======================================
cputime			unlimited
filesize		unlimited
datasize		unlimited
stacksize		65536 kbytes
coredumpsize	0 kbytes
memoryuse		unlimited
vmemoryuse		unlimited
descriptors		1024
memorylocked	64 kbytes
maxproc			1024
======================================
Runtime environment variables:
ORBIT_SOCKETDIR=/tmp/orbit-klin
HOSTNAME=localhost.localdomain
UNAME=/bin/uname
IMSETTINGS_INTEGRATE_DESKTOP=yes
SCRNAME=vcs
NOVAS_HOME=/eda/verdi/verdi3_2012
VCS_DEPTH=0
SHELL=/bin/bash
TERM=xterm
HISTSIZE=1000
XDG_SESSION_COOKIE=59591d45e98debb31f65ea6800000018-1571277778.702866-1194100078
GTK_RC_FILES=/etc/gtk/gtkrc:/home/klin/.gtkrc-1.2-gnome2
WINDOWID=23068676
VCS_LOG_FILE=vcs.log
QTDIR=/usr/lib/qt-3.3
QTINC=/usr/lib/qt-3.3/include
VERA_HOME=/eda/synopsys/vera
LC_ALL=C
IMSETTINGS_MODULE=none
USER=klin
LD_LIBRARY_PATH=/eda/synopsys/vcs/2012.09/linux/lib:
LS_COLORS=rs=0:di=01;34:ln=01;36:mh=00:pi=40;33:so=01;35:do=01;35:bd=40;33;01:cd=40;33;01:or=40;31;01:mi=01;05;37;41:su=37;41:sg=30;43:ca=30;41:tw=30;42:ow=34;42:st=37;44:ex=01;32:*.tar=01;31:*.tgz=01;31:*.arj=01;31:*.taz=01;31:*.lzh=01;31:*.lzma=01;31:*.tlz=01;31:*.txz=01;31:*.zip=01;31:*.z=01;31:*.Z=01;31:*.dz=01;31:*.gz=01;31:*.lz=01;31:*.xz=01;31:*.bz2=01;31:*.tbz=01;31:*.tbz2=01;31:*.bz=01;31:*.tz=01;31:*.deb=01;31:*.rpm=01;31:*.jar=01;31:*.rar=01;31:*.ace=01;31:*.zoo=01;31:*.cpio=01;31:*.7z=01;31:*.rz=01;31:*.jpg=01;35:*.jpeg=01;35:*.gif=01;35:*.bmp=01;35:*.pbm=01;35:*.pgm=01;35:*.ppm=01;35:*.tga=01;35:*.xbm=01;35:*.xpm=01;35:*.tif=01;35:*.tiff=01;35:*.png=01;35:*.svg=01;35:*.svgz=01;35:*.mng=01;35:*.pcx=01;35:*.mov=01;35:*.mpg=01;35:*.mpeg=01;35:*.m2v=01;35:*.mkv=01;35:*.ogm=01;35:*.mp4=01;35:*.m4v=01;35:*.mp4v=01;35:*.vob=01;35:*.qt=01;35:*.nuv=01;35:*.wmv=01;35:*.asf=01;35:*.rm=01;35:*.rmvb=01;35:*.flc=01;35:*.avi=01;35:*.fli=01;35:*.flv=01;35:*.gl=01;35:*.dl=01;35:*.xcf=01;35:*.xwd=01;35:*.yuv=01;35:*.cgm=01;35:*.emf=01;35:*.axv=01;35:*.anx=01;35:*.ogv=01;35:*.ogx=01;35:*.aac=01;36:*.au=01;36:*.flac=01;36:*.mid=01;36:*.midi=01;36:*.mka=01;36:*.mp3=01;36:*.mpc=01;36:*.ogg=01;36:*.ra=01;36:*.wav=01;36:*.axa=01;36:*.oga=01;36:*.spx=01;36:*.xspf=01;36:
SCRIPT_NAME=vcs
VCS_MX_HOME_INTERNAL=1
SSH_AUTH_SOCK=/tmp/keyring-vTwlbM/socket.ssh
GNOME_KEYRING_SOCKET=/tmp/keyring-vTwlbM/socket
SNPSLMD_LICENSE_FILE=/eda/synopsys/license/synopsys.dat:/eda/synopsys/vcs/2012.09/flexlm//license.dat
USERNAME=klin
SESSION_MANAGER=local/unix:@/tmp/.ICE-unix/2724,unix/unix:/tmp/.ICE-unix/2724
OVA_UUM=0
PATH=.:/bin:/sbin:/usr/bin:/usr/sbin:/usr/local/bin:/usr/local/sbin:/home/klin/mentor/questasim/linux:/eda/synopsys/icc/2012.06/bin:/eda/synopsys/pt/2012.06/bin:/eda/synopsys/fm/2012.06/bin:/eda/synopsys/leda/2008.06/bin:/eda/synopsys/vera/2009.12/vera_vD-2009.12-9_linux/bin:/eda/synopsys/syn/2012.06/bin:/eda/verdi/verdi3_2012/bin:/eda/verdi/verdi3_2012/platform/LINUX/bin:/eda/synopsys/vcs/2012.09/bin:/bin:/sbin:/usr/bin:/usr/sbin:/usr/local/bin:/usr/local/sbin:/home/klin/mentor/questasim/linux:/eda/synopsys/icc/2012.06/bin:/eda/synopsys/pt/2012.06/bin:/eda/synopsys/fm/2012.06/bin:/eda/synopsys/leda/2008.06/bin:/eda/synopsys/vera/2009.12/vera_vD-2009.12-9_linux/bin:/eda/synopsys/syn/2012.06/bin:/eda/verdi/verdi3_2012/bin:/eda/verdi/verdi3_2012/platform/LINUX/bin:/eda/synopsys/vcs/2012.09/bin:/bin:/sbin:/usr/bin:/usr/sbin:/usr/local/bin:/usr/local/sbin:/home/klin/mentor/questasim/linux:/eda/synopsys/icc/2012.06/bin:/eda/synopsys/pt/2012.06/bin:/eda/synopsys/fm/2012.06/bin:/eda/synopsys/leda/2008.06/bin:/eda/synopsys/vera/2009.12/vera_vD-2009.12-9_linux/bin:/eda/synopsys/syn/2012.06/bin:/eda/verdi/verdi3_2012/bin:/eda/verdi/verdi3_2012/platform/LINUX/bin:/eda/synopsys/vcs/2012.09/bin:/bin:/sbin:/usr/bin:/usr/sbin:/usr/local/bin:/usr/local/sbin:/home/klin/mentor/questasim/linux:/eda/synopsys/icc/2012.06/bin:/eda/synopsys/pt/2012.06/bin:/eda/synopsys/fm/2012.06/bin:/eda/synopsys/leda/2008.06/bin:/eda/synopsys/vera/2009.12/vera_vD-2009.12-9_linux/bin:/eda/synopsys/syn/2012.06/bin:/eda/verdi/verdi3_2012/bin:/eda/verdi/verdi3_2012/platform/LINUX/bin:/eda/synopsys/vcs/2012.09/bin:/usr/lib/qt-3.3/bin:/usr/kerberos/sbin:/usr/kerberos/bin:/usr/local/bin:/usr/bin:/bin:/usr/local/sbin:/usr/sbin:/sbin:/home/klin/bin:/home/klin/bin
MAIL=/var/spool/mail/klin
DESKTOP_SESSION=gnome
PT_HOME=/eda/synopsys/pt/2012.06
QT_IM_MODULE=xim
PWD=/bin/pwd
XMODIFIERS=@im=none
VCS_HOME=/eda/synopsys/vcs/2012.09
GDM_KEYBOARD_LAYOUT=us
FM_HOME=/eda/synopsys/fm/2012.06
GNOME_KEYRING_PID=2715
KDE_IS_PRELINKED=1
LANG=en_US.utf8
GDM_LANG=en_US.utf8
KDEDIRS=/usr
VCS_ARCH_OVERRIDE=linux
ICC_HOME=/eda/synopsys/icc/2012.06
VMR_MODE_FLAG=32
GDMSESSION=gnome
LM_LICENSE_FILE=/home/klin/mentor/license/mentor.dat:/eda/synopsys/license/synopsys.dat:/eda/verdi/verdi3_2012/license/novas_verdi_lic.txt
HISTCONTROL=ignoredups
SSH_ASKPASS=/usr/libexec/openssh/gnome-ssh-askpass
VCS_ARG_ADDED_FOR_TMP=1
SNPS_VCS_TMPDIR=/tmp/vcs_20191108004110_9561
SHLVL=4
HOME=/home/klin
GNOME_DESKTOP_SESSION_ID=this-is-deprecated
DC_HOME=/eda/synopsys/syn/2012.06
LOGNAME=klin
CVS_RSH=ssh
QTLIB=/usr/lib/qt-3.3/lib
DBUS_SESSION_BUS_ADDRESS=unix:abstract=/tmp/dbus-uMnAQRQGY4,guid=db8ae337ee2c7c448daef51500000196
LEDA_PATH=/eda/synopsys/leda/2008.06
LESSOPEN=|/usr/bin/lesspipe.sh %s
sysc_uni_pwd=/home/klin/work/uvm_work/uvm_work/02_router_lab_ral/sim/router_sim
WINDOWPATH=1
DISPLAY=unix:0
VCS_AMD_PURE32=1
VCS_ARCH=linux
TOOL_HOME=/eda/synopsys/vcs/2012.09/linux
G_BROKEN_FILENAMES=1
COLORTERM=gnome-terminal
XAUTHORITY=/var/run/gdm/auth-for-klin-imImB1/database
_=./simv
VCS_PATHMAP_PRELOAD_DONE=1
DVE=/eda/synopsys/vcs/2012.09/gui/dve
TCLLIBPATH=/tmp/auxx/tcllib/lib/tcl8.4
SPECMAN_OUTPUT_TO_TTY=1
VCS_LCAMSG_PRINT_OFF=1
Runtime command line arguments:
argv[0]=simv
argv[1]=+ntb_random_seed_automatic
argv[2]=+v2k
argv[3]=-cm_runsilent
argv[4]=-cm
argv[5]=assert
argv[6]=+acc
argv[7]=+define+UVM_OBJECT_MUST_HAVE_CONSTRUCTOR
argv[8]=+UVM_TESTNAME=my_test_add_ral
argv[9]=+UVM_VERBOSITY=
argv[10]=+neg_tchk
argv[11]=-lca
argv[12]=+sdfverbose
argv[13]=+define+
argv[14]=-a
argv[15]=vcs.log
114 profile - 100
          CPU/Mem usage: 0.060 sys,  2.120 user,  208.68M sys,  0.00M vm
115 VC callback profile - scalar:0 vector:0
116 Fri Nov  8 08:41:33 2019
117 pliAppInit
118 *Novas* : Enable Parallel Dumping.
119 pliAppMiscSet: New Sim Round
120 LIBSSCORE=found /eda/verdi/verdi3_2012/share/PLI/lib/LINUX/libsscore_vcs201209.so through $NOVAS_HOME setting.
121 argv[0]: router.fsdb
122 argv[0]: 0
123 argv[1]: (handle)0xd4c28e8 top.router_dut
124 Novas FSDB Dumper for VCS, Release Verdi3_2012.10, Linux, 10/23/2012
125 Copyright (C) 1996 - 2012 by SpringSoft, Inc.
126 sps_call_fsdbDumpfile at 0 : ../../sv/top.sv(127)
127 argv[0]: router.fsdb
128 *Novas* FSDB WARNING: The FSDB file already exists.Overwriting the FSDB file may crash the programs that are using this file.
129 *Novas* : Create FSDB file 'router.fsdb'
130 sps_call_fsdbDumpvars at 0 : ../../sv/top.sv(128)
131 *Novas* : Begin traversing the scopes, layer (0).
132 *Novas* : End of traversing.
133 fsdbDumpvars traverse var: profile - 
          CPU/Mem usage: 0.060 sys,  2.150 user,  349.77M sys,  0.00M vm
                   incr: 0.000 sys,  0.030 user,  3.84M sys,  0.00M vm
                   accu: 0.000 sys,  0.030 user,  3.84M sys,  0.00M vm
              accu incr: 0.000 sys,  0.030 user,  3.84M sys,  0.00M vm

          Count usage: 454 var,  454 idcode,  454 callback
                 incr: 454 var,  454 idcode,  454 callback
                 accu: 454 var,  454 idcode,  454 callback
            accu incr: 454 var,  454 idcode,  454 callback
134 VC callback profile - scalar:0 vector:0
135 Fri Nov  8 08:41:33 2019
136 fsdbDumpvars: profile - 
          CPU/Mem usage: 0.060 sys,  2.160 user,  350.97M sys,  0.00M vm
                   incr: 0.000 sys,  0.010 user,  1.20M sys,  0.00M vm
                   accu: 0.000 sys,  0.040 user,  5.04M sys,  0.00M vm
              accu incr: 0.000 sys,  0.010 user,  1.20M sys,  0.00M vm

          Count usage: 454 var,  454 idcode,  454 callback
                 incr: 0 var,  0 idcode,  0 callback
                 accu: 454 var,  454 idcode,  454 callback
            accu incr: 0 var,  0 idcode,  0 callback
137 VC callback profile - scalar:75 vector:394
138 Fri Nov  8 08:41:33 2019
139 sps_call_fsdbDumpvars at 0 : ../../sv/top.sv(129)
140 argv[0]: 0
141 argv[1]: (handle)0xd4c28e0 top.router_dut
142 *Novas* : Begin traversing the scope (top.router_dut), layer (0).
143 *Novas* : End of traversing.
144 fsdbDumpvars traverse var: profile - 
          CPU/Mem usage: 0.060 sys,  2.170 user,  350.97M sys,  0.00M vm
                   incr: 0.000 sys,  0.000 user,  0.00M sys,  0.00M vm
                   accu: 0.000 sys,  0.000 user,  0.00M sys,  0.00M vm
              accu incr: 0.000 sys,  0.000 user,  0.00M sys,  0.00M vm

          Count usage: 820 var,  454 idcode,  454 callback
                 incr: 366 var,  0 idcode,  0 callback
                 accu: 366 var,  0 idcode,  0 callback
            accu incr: 366 var,  0 idcode,  0 callback
145 VC callback profile - scalar:75 vector:394
146 Fri Nov  8 08:41:33 2019
147 fsdbDumpvars: profile - 
          CPU/Mem usage: 0.060 sys,  2.170 user,  350.97M sys,  0.00M vm
                   incr: 0.000 sys,  0.000 user,  0.00M sys,  0.00M vm
                   accu: 0.000 sys,  0.000 user,  0.00M sys,  0.00M vm
              accu incr: 0.000 sys,  0.000 user,  0.00M sys,  0.00M vm

          Count usage: 820 var,  454 idcode,  454 callback
                 incr: 0 var,  0 idcode,  0 callback
                 accu: 366 var,  0 idcode,  0 callback
            accu incr: 0 var,  0 idcode,  0 callback
148 VC callback profile - scalar:123 vector:712
149 Fri Nov  8 08:41:33 2019
150 End of simulation at 0
151 VC callback profile - scalar:194 vector:1017
152 Fri Nov  8 08:41:33 2019
153 Parallel profile    -  Flush:8 ProduceWait:0 ConsumerWait:0 BlockUsed:0
154 Begin pliApp_JoinConsumer
155 End pliApp_JoinConsumer
156 SimExit
157 Sim process exit
