Command: vcs -R -Mupdate +plusarg_save +ntb_random_seed_automatic -P /eda/verdi/verdi3_2012/share/PLI/VCS/LINUX/novas.tab \
/eda/verdi/verdi3_2012/share/PLI/VCS/LINUX/pli.a +v2k -assert svaext -cm assert +acc \
+vpi +define+UVM_OBJECT_MUST_HAVE_CONSTRUCTOR ../../../../uvm_11d//src/uvm_pkg.sv \
+incdir+../../../../uvm_11d//src ../../../../uvm_11d//src/uvm.sv ../../../../uvm_11d//src/dpi/uvm_dpi.cc \
-CFLAGS -DVCS +UVM_TESTNAME=my_test_add_ral +UVM_VERBOSITY= +neg_tchk -negdelay -lca \
+sdfverbose -sverilog -fsdb_old +define+ -timescale=1ns/1ps -debug_all -f ../bin/rtl.flist \
-l vcs.log
                         Chronologic VCS (TM)
            Version G-2012.09 -- Fri Nov  8 08:41:11 2019
               Copyright (c) 1991-2012 by Synopsys Inc.
                         ALL RIGHTS RESERVED

This program is proprietary and confidential information of Synopsys Inc.
and may be used and disclosed only as authorized in a license agreement
controlling such use and disclosure.


Warning-[LCA_FEATURES_ENABLED] Usage warning
  LCA features enabled by '-lca' argument on the command line.  For more 
  information regarding list of LCA features please refer to Chapter "LCA 
  features" in the VCS/VCS-MX Release Notes


Warning-[UFTMD] User function/task multiply defined
  The function/task '$fsdbDumpvars' has multiple definitions in PLI table(s).
  


Warning-[UFTMD] User function/task multiply defined
  The function/task '$fsdbDumpon' has multiple definitions in PLI table(s).
  


Warning-[UFTMD] User function/task multiply defined
  The function/task '$fsdbDumpoff' has multiple definitions in PLI table(s).
  


Warning-[UFTMD] User function/task multiply defined
  The function/task '$fsdbDumpSVA' has multiple definitions in PLI table(s).
  


Warning-[UFTMD] User function/task multiply defined
  The function/task '$fsdbDumpSVAon' has multiple definitions in PLI table(s).
  


Warning-[UFTMD] User function/task multiply defined
  The function/task '$fsdbDumpSVAoff' has multiple definitions in PLI 
  table(s).
  


Warning-[UFTMD] User function/task multiply defined
  The function/task '$fsdbDumpFinish' has multiple definitions in PLI 
  table(s).
  


Warning-[UFTMD] User function/task multiply defined
  The function/task '$fsdbDumpfile' has multiple definitions in PLI table(s).
  


Warning-[UFTMD] User function/task multiply defined
  The function/task '$fsdbDumpflush' has multiple definitions in PLI table(s).
  


Warning-[UFTMD] User function/task multiply defined
  The function/task '$fsdbSuppress' has multiple definitions in PLI table(s).
  


Warning-[UFTMD] User function/task multiply defined
  The function/task '$fsdbDumpSingle' has multiple definitions in PLI 
  table(s).
  


Warning-[UFTMD] User function/task multiply defined
  The function/task '$fsdbDumplimit' has multiple definitions in PLI table(s).
  


Warning-[UFTMD] User function/task multiply defined
  The function/task '$fsdbSwitchDumpfile' has multiple definitions in PLI 
  table(s).
  


Warning-[UFTMD] User function/task multiply defined
  The function/task '$fsdbDumpvarsToFile' has multiple definitions in PLI 
  table(s).
  


Warning-[UFTMD] User function/task multiply defined
  The function/task '$fsdbDumpvarsES' has multiple definitions in PLI 
  table(s).
  


Warning-[UFTMD] User function/task multiply defined
  The function/task '$fsdbAutoSwitchDumpfile' has multiple definitions in PLI 
  table(s).
  


Warning-[UFTMD] User function/task multiply defined
  The function/task '$fsdbLog' has multiple definitions in PLI table(s).
  


Warning-[UFTMD] User function/task multiply defined
  The function/task '$fsdbDumpMDAOnChange' has multiple definitions in PLI 
  table(s).
  


Warning-[UFTMD] User function/task multiply defined
  The function/task '$fsdbAddRuntimeSignal' has multiple definitions in PLI 
  table(s).
  


Warning-[UFTMD] User function/task multiply defined
  The function/task '$fsdbDumpStrength' has multiple definitions in PLI 
  table(s).
  


Warning-[UFTMD] User function/task multiply defined
  The function/task '$fsdbDumpMDA' has multiple definitions in PLI table(s).
  


Warning-[UFTMD] User function/task multiply defined
  The function/task '$fsdbDumpvarsByFile' has multiple definitions in PLI 
  table(s).
  

Parsing design file '../../../../uvm_11d//src/uvm_pkg.sv'
Parsing included file '../../../../uvm_11d//src/uvm_macros.svh'.
Parsing included file '../../../../uvm_11d//src/macros/uvm_version_defines.svh'.
Back to file '../../../../uvm_11d//src/uvm_macros.svh'.
Parsing included file '../../../../uvm_11d//src/macros/uvm_message_defines.svh'.
Back to file '../../../../uvm_11d//src/uvm_macros.svh'.
Parsing included file '../../../../uvm_11d//src/macros/uvm_phase_defines.svh'.
Back to file '../../../../uvm_11d//src/uvm_macros.svh'.
Parsing included file '../../../../uvm_11d//src/macros/uvm_object_defines.svh'.
Back to file '../../../../uvm_11d//src/uvm_macros.svh'.
Parsing included file '../../../../uvm_11d//src/macros/uvm_printer_defines.svh'.
Back to file '../../../../uvm_11d//src/uvm_macros.svh'.
Parsing included file '../../../../uvm_11d//src/macros/uvm_tlm_defines.svh'.
Parsing included file '../../../../uvm_11d//src/tlm1/uvm_tlm_imps.svh'.
Back to file '../../../../uvm_11d//src/macros/uvm_tlm_defines.svh'.
Back to file '../../../../uvm_11d//src/uvm_macros.svh'.
Parsing included file '../../../../uvm_11d//src/macros/uvm_sequence_defines.svh'.
Back to file '../../../../uvm_11d//src/uvm_macros.svh'.
Parsing included file '../../../../uvm_11d//src/macros/uvm_callback_defines.svh'.
Back to file '../../../../uvm_11d//src/uvm_macros.svh'.
Parsing included file '../../../../uvm_11d//src/macros/uvm_reg_defines.svh'.
Back to file '../../../../uvm_11d//src/uvm_macros.svh'.
Parsing included file '../../../../uvm_11d//src/macros/uvm_deprecated_defines.svh'.
Back to file '../../../../uvm_11d//src/uvm_macros.svh'.
Back to file '../../../../uvm_11d//src/uvm_pkg.sv'.
Parsing included file '../../../../uvm_11d//src/dpi/uvm_dpi.svh'.
Parsing included file '../../../../uvm_11d//src/dpi/uvm_hdl.svh'.
Back to file '../../../../uvm_11d//src/dpi/uvm_dpi.svh'.
Parsing included file '../../../../uvm_11d//src/dpi/uvm_svcmd_dpi.svh'.
Back to file '../../../../uvm_11d//src/dpi/uvm_dpi.svh'.
Parsing included file '../../../../uvm_11d//src/dpi/uvm_regex.svh'.
Back to file '../../../../uvm_11d//src/dpi/uvm_dpi.svh'.
Back to file '../../../../uvm_11d//src/uvm_pkg.sv'.
Parsing included file '../../../../uvm_11d//src/base/uvm_base.svh'.
Parsing included file '../../../../uvm_11d//src/base/uvm_version.svh'.
Back to file '../../../../uvm_11d//src/base/uvm_base.svh'.
Parsing included file '../../../../uvm_11d//src/base/uvm_object_globals.svh'.
Back to file '../../../../uvm_11d//src/base/uvm_base.svh'.
Parsing included file '../../../../uvm_11d//src/base/uvm_misc.svh'.
Back to file '../../../../uvm_11d//src/base/uvm_base.svh'.
Parsing included file '../../../../uvm_11d//src/base/uvm_object.svh'.
Back to file '../../../../uvm_11d//src/base/uvm_base.svh'.
Parsing included file '../../../../uvm_11d//src/base/uvm_pool.svh'.
Back to file '../../../../uvm_11d//src/base/uvm_base.svh'.
Parsing included file '../../../../uvm_11d//src/base/uvm_queue.svh'.
Back to file '../../../../uvm_11d//src/base/uvm_base.svh'.
Parsing included file '../../../../uvm_11d//src/base/uvm_factory.svh'.
Back to file '../../../../uvm_11d//src/base/uvm_base.svh'.
Parsing included file '../../../../uvm_11d//src/base/uvm_registry.svh'.
Back to file '../../../../uvm_11d//src/base/uvm_base.svh'.
Parsing included file '../../../../uvm_11d//src/base/uvm_spell_chkr.svh'.
Back to file '../../../../uvm_11d//src/base/uvm_base.svh'.
Parsing included file '../../../../uvm_11d//src/base/uvm_resource.svh'.
Back to file '../../../../uvm_11d//src/base/uvm_base.svh'.
Parsing included file '../../../../uvm_11d//src/deprecated/uvm_resource_converter.svh'.
Back to file '../../../../uvm_11d//src/base/uvm_base.svh'.
Parsing included file '../../../../uvm_11d//src/base/uvm_resource_specializations.svh'.
Back to file '../../../../uvm_11d//src/base/uvm_base.svh'.
Parsing included file '../../../../uvm_11d//src/base/uvm_resource_db.svh'.
Back to file '../../../../uvm_11d//src/base/uvm_base.svh'.
Parsing included file '../../../../uvm_11d//src/base/uvm_config_db.svh'.
Back to file '../../../../uvm_11d//src/base/uvm_base.svh'.
Parsing included file '../../../../uvm_11d//src/base/uvm_printer.svh'.
Back to file '../../../../uvm_11d//src/base/uvm_base.svh'.
Parsing included file '../../../../uvm_11d//src/base/uvm_comparer.svh'.
Back to file '../../../../uvm_11d//src/base/uvm_base.svh'.
Parsing included file '../../../../uvm_11d//src/base/uvm_packer.svh'.
Back to file '../../../../uvm_11d//src/base/uvm_base.svh'.
Parsing included file '../../../../uvm_11d//src/base/uvm_recorder.svh'.
Back to file '../../../../uvm_11d//src/base/uvm_base.svh'.
Parsing included file '../../../../uvm_11d//src/base/uvm_event_callback.svh'.
Back to file '../../../../uvm_11d//src/base/uvm_base.svh'.
Parsing included file '../../../../uvm_11d//src/base/uvm_event.svh'.
Back to file '../../../../uvm_11d//src/base/uvm_base.svh'.
Parsing included file '../../../../uvm_11d//src/base/uvm_barrier.svh'.
Back to file '../../../../uvm_11d//src/base/uvm_base.svh'.
Parsing included file '../../../../uvm_11d//src/base/uvm_callback.svh'.
Parsing included file '../../../../uvm_11d//src/uvm_macros.svh'.
Back to file '../../../../uvm_11d//src/base/uvm_callback.svh'.
Back to file '../../../../uvm_11d//src/base/uvm_base.svh'.
Parsing included file '../../../../uvm_11d//src/base/uvm_report_catcher.svh'.
Back to file '../../../../uvm_11d//src/base/uvm_base.svh'.
Parsing included file '../../../../uvm_11d//src/base/uvm_report_server.svh'.
Back to file '../../../../uvm_11d//src/base/uvm_base.svh'.
Parsing included file '../../../../uvm_11d//src/base/uvm_report_handler.svh'.
Back to file '../../../../uvm_11d//src/base/uvm_base.svh'.
Parsing included file '../../../../uvm_11d//src/base/uvm_report_object.svh'.
Back to file '../../../../uvm_11d//src/base/uvm_base.svh'.
Parsing included file '../../../../uvm_11d//src/base/uvm_transaction.svh'.
Back to file '../../../../uvm_11d//src/base/uvm_base.svh'.
Parsing included file '../../../../uvm_11d//src/base/uvm_phase.svh'.
Back to file '../../../../uvm_11d//src/base/uvm_base.svh'.
Parsing included file '../../../../uvm_11d//src/base/uvm_domain.svh'.
Back to file '../../../../uvm_11d//src/base/uvm_base.svh'.
Parsing included file '../../../../uvm_11d//src/base/uvm_bottomup_phase.svh'.
Back to file '../../../../uvm_11d//src/base/uvm_base.svh'.
Parsing included file '../../../../uvm_11d//src/base/uvm_topdown_phase.svh'.
Back to file '../../../../uvm_11d//src/base/uvm_base.svh'.
Parsing included file '../../../../uvm_11d//src/base/uvm_task_phase.svh'.
Back to file '../../../../uvm_11d//src/base/uvm_base.svh'.
Parsing included file '../../../../uvm_11d//src/base/uvm_common_phases.svh'.
Back to file '../../../../uvm_11d//src/base/uvm_base.svh'.
Parsing included file '../../../../uvm_11d//src/base/uvm_runtime_phases.svh'.
Back to file '../../../../uvm_11d//src/base/uvm_base.svh'.
Parsing included file '../../../../uvm_11d//src/base/uvm_component.svh'.
Parsing included file '../../../../uvm_11d//src/base/uvm_root.svh'.
Back to file '../../../../uvm_11d//src/base/uvm_component.svh'.
Back to file '../../../../uvm_11d//src/base/uvm_base.svh'.
Parsing included file '../../../../uvm_11d//src/base/uvm_objection.svh'.
Back to file '../../../../uvm_11d//src/base/uvm_base.svh'.
Parsing included file '../../../../uvm_11d//src/base/uvm_heartbeat.svh'.
Back to file '../../../../uvm_11d//src/base/uvm_base.svh'.
Parsing included file '../../../../uvm_11d//src/base/uvm_globals.svh'.
Back to file '../../../../uvm_11d//src/base/uvm_base.svh'.
Parsing included file '../../../../uvm_11d//src/base/uvm_cmdline_processor.svh'.
Back to file '../../../../uvm_11d//src/base/uvm_base.svh'.
Back to file '../../../../uvm_11d//src/uvm_pkg.sv'.
Parsing included file '../../../../uvm_11d//src/tlm1/uvm_tlm.svh'.
Parsing included file '../../../../uvm_11d//src/tlm1/uvm_tlm_ifs.svh'.
Back to file '../../../../uvm_11d//src/tlm1/uvm_tlm.svh'.
Parsing included file '../../../../uvm_11d//src/tlm1/uvm_sqr_ifs.svh'.
Back to file '../../../../uvm_11d//src/tlm1/uvm_tlm.svh'.
Parsing included file '../../../../uvm_11d//src/base/uvm_port_base.svh'.
Back to file '../../../../uvm_11d//src/tlm1/uvm_tlm.svh'.
Parsing included file '../../../../uvm_11d//src/tlm1/uvm_tlm_imps.svh'.
Back to file '../../../../uvm_11d//src/tlm1/uvm_tlm.svh'.
Parsing included file '../../../../uvm_11d//src/tlm1/uvm_imps.svh'.
Back to file '../../../../uvm_11d//src/tlm1/uvm_tlm.svh'.
Parsing included file '../../../../uvm_11d//src/tlm1/uvm_ports.svh'.
Back to file '../../../../uvm_11d//src/tlm1/uvm_tlm.svh'.
Parsing included file '../../../../uvm_11d//src/tlm1/uvm_exports.svh'.
Back to file '../../../../uvm_11d//src/tlm1/uvm_tlm.svh'.
Parsing included file '../../../../uvm_11d//src/tlm1/uvm_analysis_port.svh'.
Back to file '../../../../uvm_11d//src/tlm1/uvm_tlm.svh'.
Parsing included file '../../../../uvm_11d//src/tlm1/uvm_tlm_fifo_base.svh'.
Back to file '../../../../uvm_11d//src/tlm1/uvm_tlm.svh'.
Parsing included file '../../../../uvm_11d//src/tlm1/uvm_tlm_fifos.svh'.
Back to file '../../../../uvm_11d//src/tlm1/uvm_tlm.svh'.
Parsing included file '../../../../uvm_11d//src/tlm1/uvm_tlm_req_rsp.svh'.
Back to file '../../../../uvm_11d//src/tlm1/uvm_tlm.svh'.
Parsing included file '../../../../uvm_11d//src/tlm1/uvm_sqr_connections.svh'.
Back to file '../../../../uvm_11d//src/tlm1/uvm_tlm.svh'.
Back to file '../../../../uvm_11d//src/uvm_pkg.sv'.
Parsing included file '../../../../uvm_11d//src/comps/uvm_comps.svh'.
Parsing included file '../../../../uvm_11d//src/comps/uvm_pair.svh'.
Back to file '../../../../uvm_11d//src/comps/uvm_comps.svh'.
Parsing included file '../../../../uvm_11d//src/comps/uvm_policies.svh'.
Back to file '../../../../uvm_11d//src/comps/uvm_comps.svh'.
Parsing included file '../../../../uvm_11d//src/comps/uvm_in_order_comparator.svh'.
Back to file '../../../../uvm_11d//src/comps/uvm_comps.svh'.
Parsing included file '../../../../uvm_11d//src/comps/uvm_algorithmic_comparator.svh'.
Back to file '../../../../uvm_11d//src/comps/uvm_comps.svh'.
Parsing included file '../../../../uvm_11d//src/comps/uvm_random_stimulus.svh'.
Back to file '../../../../uvm_11d//src/comps/uvm_comps.svh'.
Parsing included file '../../../../uvm_11d//src/comps/uvm_subscriber.svh'.
Back to file '../../../../uvm_11d//src/comps/uvm_comps.svh'.
Parsing included file '../../../../uvm_11d//src/comps/uvm_monitor.svh'.
Back to file '../../../../uvm_11d//src/comps/uvm_comps.svh'.
Parsing included file '../../../../uvm_11d//src/comps/uvm_driver.svh'.
Back to file '../../../../uvm_11d//src/comps/uvm_comps.svh'.
Parsing included file '../../../../uvm_11d//src/comps/uvm_push_driver.svh'.
Back to file '../../../../uvm_11d//src/comps/uvm_comps.svh'.
Parsing included file '../../../../uvm_11d//src/comps/uvm_scoreboard.svh'.
Back to file '../../../../uvm_11d//src/comps/uvm_comps.svh'.
Parsing included file '../../../../uvm_11d//src/comps/uvm_agent.svh'.
Back to file '../../../../uvm_11d//src/comps/uvm_comps.svh'.
Parsing included file '../../../../uvm_11d//src/comps/uvm_env.svh'.
Back to file '../../../../uvm_11d//src/comps/uvm_comps.svh'.
Parsing included file '../../../../uvm_11d//src/comps/uvm_test.svh'.
Back to file '../../../../uvm_11d//src/comps/uvm_comps.svh'.
Back to file '../../../../uvm_11d//src/uvm_pkg.sv'.
Parsing included file '../../../../uvm_11d//src/seq/uvm_seq.svh'.
Parsing included file '../../../../uvm_11d//src/seq/uvm_sequence_item.svh'.
Back to file '../../../../uvm_11d//src/seq/uvm_seq.svh'.
Parsing included file '../../../../uvm_11d//src/seq/uvm_sequencer_base.svh'.
Back to file '../../../../uvm_11d//src/seq/uvm_seq.svh'.
Parsing included file '../../../../uvm_11d//src/seq/uvm_sequencer_analysis_fifo.svh'.
Back to file '../../../../uvm_11d//src/seq/uvm_seq.svh'.
Parsing included file '../../../../uvm_11d//src/seq/uvm_sequencer_param_base.svh'.
Back to file '../../../../uvm_11d//src/seq/uvm_seq.svh'.
Parsing included file '../../../../uvm_11d//src/seq/uvm_sequencer.svh'.
Back to file '../../../../uvm_11d//src/seq/uvm_seq.svh'.
Parsing included file '../../../../uvm_11d//src/seq/uvm_push_sequencer.svh'.
Back to file '../../../../uvm_11d//src/seq/uvm_seq.svh'.
Parsing included file '../../../../uvm_11d//src/seq/uvm_sequence_base.svh'.
Back to file '../../../../uvm_11d//src/seq/uvm_seq.svh'.
Parsing included file '../../../../uvm_11d//src/seq/uvm_sequence.svh'.
Back to file '../../../../uvm_11d//src/seq/uvm_seq.svh'.
Parsing included file '../../../../uvm_11d//src/seq/uvm_sequence_library.svh'.
Back to file '../../../../uvm_11d//src/seq/uvm_seq.svh'.
Parsing included file '../../../../uvm_11d//src/seq/uvm_sequence_builtin.svh'.
Back to file '../../../../uvm_11d//src/seq/uvm_seq.svh'.
Back to file '../../../../uvm_11d//src/uvm_pkg.sv'.
Parsing included file '../../../../uvm_11d//src/tlm2/uvm_tlm2.svh'.
Parsing included file '../../../../uvm_11d//src/tlm2/uvm_tlm2_defines.svh'.
Back to file '../../../../uvm_11d//src/tlm2/uvm_tlm2.svh'.
Parsing included file '../../../../uvm_11d//src/tlm2/uvm_tlm2_time.svh'.
Back to file '../../../../uvm_11d//src/tlm2/uvm_tlm2.svh'.
Parsing included file '../../../../uvm_11d//src/tlm2/uvm_tlm2_generic_payload.svh'.
Back to file '../../../../uvm_11d//src/tlm2/uvm_tlm2.svh'.
Parsing included file '../../../../uvm_11d//src/tlm2/uvm_tlm2_ifs.svh'.
Back to file '../../../../uvm_11d//src/tlm2/uvm_tlm2.svh'.
Parsing included file '../../../../uvm_11d//src/tlm2/uvm_tlm2_imps.svh'.
Back to file '../../../../uvm_11d//src/tlm2/uvm_tlm2.svh'.
Parsing included file '../../../../uvm_11d//src/tlm2/uvm_tlm2_ports.svh'.
Back to file '../../../../uvm_11d//src/tlm2/uvm_tlm2.svh'.
Parsing included file '../../../../uvm_11d//src/tlm2/uvm_tlm2_exports.svh'.
Back to file '../../../../uvm_11d//src/tlm2/uvm_tlm2.svh'.
Parsing included file '../../../../uvm_11d//src/tlm2/uvm_tlm2_sockets_base.svh'.
Back to file '../../../../uvm_11d//src/tlm2/uvm_tlm2.svh'.
Parsing included file '../../../../uvm_11d//src/tlm2/uvm_tlm2_sockets.svh'.
Back to file '../../../../uvm_11d//src/tlm2/uvm_tlm2.svh'.
Back to file '../../../../uvm_11d//src/uvm_pkg.sv'.
Parsing included file '../../../../uvm_11d//src/reg/uvm_reg_model.svh'.
Parsing included file '../../../../uvm_11d//src/reg/uvm_reg_item.svh'.
Back to file '../../../../uvm_11d//src/reg/uvm_reg_model.svh'.
Parsing included file '../../../../uvm_11d//src/reg/uvm_reg_adapter.svh'.
Back to file '../../../../uvm_11d//src/reg/uvm_reg_model.svh'.
Parsing included file '../../../../uvm_11d//src/reg/uvm_reg_predictor.svh'.
Back to file '../../../../uvm_11d//src/reg/uvm_reg_model.svh'.
Parsing included file '../../../../uvm_11d//src/reg/uvm_reg_sequence.svh'.
Back to file '../../../../uvm_11d//src/reg/uvm_reg_model.svh'.
Parsing included file '../../../../uvm_11d//src/reg/uvm_reg_cbs.svh'.
Back to file '../../../../uvm_11d//src/reg/uvm_reg_model.svh'.
Parsing included file '../../../../uvm_11d//src/reg/uvm_reg_backdoor.svh'.
Back to file '../../../../uvm_11d//src/reg/uvm_reg_model.svh'.
Parsing included file '../../../../uvm_11d//src/reg/uvm_reg_field.svh'.
Back to file '../../../../uvm_11d//src/reg/uvm_reg_model.svh'.
Parsing included file '../../../../uvm_11d//src/reg/uvm_vreg_field.svh'.
Back to file '../../../../uvm_11d//src/reg/uvm_reg_model.svh'.
Parsing included file '../../../../uvm_11d//src/reg/uvm_reg.svh'.
Back to file '../../../../uvm_11d//src/reg/uvm_reg_model.svh'.
Parsing included file '../../../../uvm_11d//src/reg/uvm_reg_indirect.svh'.
Back to file '../../../../uvm_11d//src/reg/uvm_reg_model.svh'.
Parsing included file '../../../../uvm_11d//src/reg/uvm_reg_fifo.svh'.
Back to file '../../../../uvm_11d//src/reg/uvm_reg_model.svh'.
Parsing included file '../../../../uvm_11d//src/reg/uvm_reg_file.svh'.
Back to file '../../../../uvm_11d//src/reg/uvm_reg_model.svh'.
Parsing included file '../../../../uvm_11d//src/reg/uvm_mem_mam.svh'.
Back to file '../../../../uvm_11d//src/reg/uvm_reg_model.svh'.
Parsing included file '../../../../uvm_11d//src/reg/uvm_vreg.svh'.
Back to file '../../../../uvm_11d//src/reg/uvm_reg_model.svh'.
Parsing included file '../../../../uvm_11d//src/reg/uvm_mem.svh'.
Back to file '../../../../uvm_11d//src/reg/uvm_reg_model.svh'.
Parsing included file '../../../../uvm_11d//src/reg/uvm_reg_map.svh'.
Back to file '../../../../uvm_11d//src/reg/uvm_reg_model.svh'.
Parsing included file '../../../../uvm_11d//src/reg/uvm_reg_block.svh'.
Back to file '../../../../uvm_11d//src/reg/uvm_reg_model.svh'.
Parsing included file '../../../../uvm_11d//src/reg/sequences/uvm_reg_hw_reset_seq.svh'.
Back to file '../../../../uvm_11d//src/reg/uvm_reg_model.svh'.
Parsing included file '../../../../uvm_11d//src/reg/sequences/uvm_reg_bit_bash_seq.svh'.
Back to file '../../../../uvm_11d//src/reg/uvm_reg_model.svh'.
Parsing included file '../../../../uvm_11d//src/reg/sequences/uvm_mem_walk_seq.svh'.
Back to file '../../../../uvm_11d//src/reg/uvm_reg_model.svh'.
Parsing included file '../../../../uvm_11d//src/reg/sequences/uvm_mem_access_seq.svh'.
Back to file '../../../../uvm_11d//src/reg/uvm_reg_model.svh'.
Parsing included file '../../../../uvm_11d//src/reg/sequences/uvm_reg_access_seq.svh'.
Back to file '../../../../uvm_11d//src/reg/uvm_reg_model.svh'.
Parsing included file '../../../../uvm_11d//src/reg/sequences/uvm_reg_mem_shared_access_seq.svh'.
Back to file '../../../../uvm_11d//src/reg/uvm_reg_model.svh'.
Parsing included file '../../../../uvm_11d//src/reg/sequences/uvm_reg_mem_built_in_seq.svh'.
Back to file '../../../../uvm_11d//src/reg/uvm_reg_model.svh'.
Parsing included file '../../../../uvm_11d//src/reg/sequences/uvm_reg_mem_hdl_paths_seq.svh'.
Back to file '../../../../uvm_11d//src/reg/uvm_reg_model.svh'.
Back to file '../../../../uvm_11d//src/uvm_pkg.sv'.
Parsing design file '../../../../uvm_11d//src/uvm.sv'
Parsing included file '../../../../uvm_11d//src/uvm_pkg.sv'.
Back to file '../../../../uvm_11d//src/uvm.sv'.
Parsing design file '../../sv/top.sv'
Parsing included file '../../sv/router_io.sv'.
Back to file '../../sv/top.sv'.
Parsing included file '../../sv/host_io.sv'.
Back to file '../../sv/top.sv'.
Parsing included file '../../rtl/../rtl/router.sv'.
Back to file '../../sv/top.sv'.
Parsing included file '../../../../uvm_11d//src/uvm_macros.svh'.
Back to file '../../sv/top.sv'.
Parsing included file '../../sv/my_transaction.sv'.
Back to file '../../sv/top.sv'.
Parsing included file '../../sv/my_sequence.sv'.
Back to file '../../sv/top.sv'.
Parsing included file '../../sv/agent_config.sv'.
Back to file '../../sv/top.sv'.
Parsing included file '../../sv/env_config.sv'.
Back to file '../../sv/top.sv'.
Parsing included file '../../sv/my_driver.sv'.
Back to file '../../sv/top.sv'.
Parsing included file '../../sv/my_sequencer.sv'.
Back to file '../../sv/top.sv'.
Parsing included file '../../sv/my_monitor.sv'.
Back to file '../../sv/top.sv'.
Parsing included file '../../sv/out_monitor.sv'.
Back to file '../../sv/top.sv'.
Parsing included file '../../sv/master_agent.sv'.
Back to file '../../sv/top.sv'.
Parsing included file '../../sv/slave_agent.sv'.
Back to file '../../sv/top.sv'.
Parsing included file '../../sv/ral_host_regmodel.sv'.
Back to file '../../sv/top.sv'.
Parsing included file '../../sv/host_sequence.sv'.
Back to file '../../sv/top.sv'.
Parsing included file '../../sv/host_driver.sv'.
Back to file '../../sv/top.sv'.
Parsing included file '../../sv/host_monitor.sv'.
Back to file '../../sv/top.sv'.
Parsing included file '../../sv/host_adapter.sv'.
Back to file '../../sv/top.sv'.
Parsing included file '../../sv/host_agent.sv'.
Back to file '../../sv/top.sv'.
Parsing included file '../../sv/my_reference_model.sv'.
Back to file '../../sv/top.sv'.
Parsing included file '../../sv/my_scoreboard.sv'.
Back to file '../../sv/top.sv'.
Parsing included file '../../sv/my_env.sv'.
Back to file '../../sv/top.sv'.
Parsing included file '../../sv/my_test.sv'.
Back to file '../../sv/top.sv'.
Top Level Modules:
       top
TimeScale is 1 ns / 1 ps
Notice: Ports coerced to inout, use -notice for details
Starting vcs inline pass...
7 modules and 0 UDP read.
	However, due to incremental compilation, only 1 module needs to be compiled.
recompiling package vcs_paramclassrepository because:
	This module or some inlined child module(s) has/have been modified.
Both modules done.
ld -r -m elf_i386 -o pre_vcsobj_1_1.o --whole-archive pre_vcsobj_1_1.a --no-whole-archive \

ld -r -m elf_i386 -o pre_vcsobj_1_2.o --whole-archive pre_vcsobj_1_2.a --no-whole-archive \

if [ -x ../simv ]; then chmod -x ../simv; fi
g++  -o ../simv -melf_i386    -Wl,-whole-archive    -Wl,-no-whole-archive  uvm_dpi.o \
_vcsobj_1_1.o  5NrI_d.o 5NrIB_d.o SIM_l.o   pre_vcsobj_1_1.o pre_vcsobj_1_2.o  rmapats_mop.o \
rmapats.o       /eda/synopsys/vcs/2012.09/linux/lib/libnplex_stub.so /eda/synopsys/vcs/2012.09/linux/lib/libvirsim.so \
/eda/synopsys/vcs/2012.09/linux/lib/librterrorinf.so /eda/synopsys/vcs/2012.09/linux/lib/libsnpsmalloc.so \
/eda/verdi/verdi3_2012/share/PLI/VCS/LINUX/pli.a     /eda/synopsys/vcs/2012.09/linux/lib/libvcsnew.so \
/eda/synopsys/vcs/2012.09/linux/lib/libreader_common.so /eda/synopsys/vcs/2012.09/linux/lib/libBA.a \
/eda/synopsys/vcs/2012.09/linux/lib/libuclinative.so         /eda/synopsys/vcs/2012.09/linux/lib/vcs_save_restore_new.o \
/eda/verdi/verdi3_2012/share/PLI/snps_unified/LINUX/pli.a /eda/synopsys/vcs/2012.09/linux/lib/ctype-stubs_32.a \
-ldl -lm -lm  -lc -lpthread -ldl 
../simv up to date
Command: ./simv +ntb_random_seed_automatic +v2k -cm_runsilent -cm assert +acc +define+UVM_OBJECT_MUST_HAVE_CONSTRUCTOR +UVM_TESTNAME=my_test_add_ral +UVM_VERBOSITY= +neg_tchk -lca +sdfverbose +define+ -a vcs.log
Chronologic VCS simulator copyright 1991-2012
Contains Synopsys proprietary information.
Compiler version G-2012.09; Runtime version G-2012.09;  Nov  8 08:41 2019
NOTE: automatic random seed used: 1289444898
*Novas* Loading libsscore_vcs201209.so
*Novas* : Enable Parallel Dumping.
----------------------------------------------------------------
UVM-1.1d
(C) 2007-2013 Mentor Graphics Corporation
(C) 2007-2013 Cadence Design Systems, Inc.
(C) 2006-2013 Synopsys, Inc.
(C) 2011-2013 Cypress Semiconductor Corp.
----------------------------------------------------------------

  ***********       IMPORTANT RELEASE NOTES         ************

  You are using a version of the UVM library that has been compiled
  with `UVM_NO_DEPRECATED undefined.
  See http://www.eda.org/svdb/view.php?id=3313 for more details.

      (Specify +UVM_NO_RELNOTES to turn off this notice)

UVM_WARNING @ 0: reporter [ILLVERB] Illegal verbosity value, using default of UVM_MEDIUM.
UVM_INFO @ 0: reporter [RNTST] Running test my_test_add_ral...
Novas FSDB Dumper for VCS, Release Verdi3_2012.10, Linux, 10/23/2012
Copyright (C) 1996 - 2012 by SpringSoft, Inc.
*Novas* FSDB WARNING: The FSDB file already exists.Overwriting the FSDB file may crash the programs that are using this file.
*Novas* : Create FSDB file 'router.fsdb'
*Novas* : Begin traversing the scopes, layer (0).
*Novas* : End of traversing.
*Novas* : Begin traversing the scope (top.router_dut), layer (0).
*Novas* : End of traversing.
UVM_INFO ../../sv/my_env.sv(122) @ 0: uvm_test_top.m_env [COVERAGE_ENABLE] The function coverage is enabled for this testcase
UVM_INFO ../../sv/my_env.sv(125) @ 0: uvm_test_top.m_env [CHECK_ENABLE] The check function is enabled for this testcase
UVM_INFO ../../sv/my_env.sv(139) @ 0: uvm_test_top.m_env [HOST_CFG] Self constructing regmodel
UVM_INFO ../../sv/my_env.sv(144) @ 0: uvm_test_top.m_env [REG_MODEL] 
include_coverage not located
  did you mean env_cfg?
include_coverage not located
  did you mean env_cfg?
include_coverage not located
  did you mean env_cfg?
include_coverage not located
  did you mean env_cfg?
include_coverage not located
  did you mean env_cfg?
include_coverage not located
  did you mean env_cfg?
include_coverage not located
  did you mean env_cfg?
include_coverage not located
  did you mean env_cfg?
include_coverage not located
  did you mean env_cfg?
include_coverage not located
  did you mean env_cfg?
include_coverage not located
  did you mean env_cfg?
include_coverage not located
  did you mean env_cfg?
include_coverage not located
  did you mean env_cfg?
include_coverage not located
  did you mean env_cfg?
include_coverage not located
  did you mean env_cfg?
include_coverage not located
  did you mean env_cfg?
include_coverage not located
  did you mean env_cfg?
include_coverage not located
  did you mean env_cfg?
include_coverage not located
  did you mean env_cfg?
include_coverage not located
  did you mean env_cfg?
include_coverage not located
  did you mean env_cfg?
include_coverage not located
  did you mean env_cfg?
include_coverage not located
  did you mean env_cfg?
include_coverage not located
  did you mean env_cfg?
include_coverage not located
  did you mean env_cfg?
include_coverage not located
  did you mean env_cfg?
include_coverage not located
  did you mean env_cfg?
include_coverage not located
  did you mean env_cfg?
include_coverage not located
  did you mean env_cfg?
include_coverage not located
  did you mean env_cfg?
include_coverage not located
  did you mean env_cfg?
include_coverage not located
  did you mean env_cfg?
include_coverage not located
  did you mean env_cfg?
include_coverage not located
  did you mean env_cfg?
include_coverage not located
  did you mean env_cfg?
include_coverage not located
  did you mean env_cfg?
include_coverage not located
  did you mean env_cfg?
include_coverage not located
  did you mean env_cfg?
include_coverage not located
  did you mean env_cfg?
include_coverage not located
  did you mean env_cfg?
include_coverage not located
  did you mean env_cfg?
include_coverage not located
  did you mean env_cfg?
include_coverage not located
  did you mean env_cfg?
include_coverage not located
  did you mean env_cfg?
include_coverage not located
  did you mean env_cfg?
include_coverage not located
  did you mean env_cfg?
include_coverage not located
  did you mean env_cfg?
include_coverage not located
  did you mean env_cfg?
include_coverage not located
  did you mean env_cfg?
include_coverage not located
  did you mean env_cfg?
include_coverage not located
  did you mean env_cfg?
include_coverage not located
  did you mean env_cfg?
include_coverage not located
  did you mean env_cfg?
include_coverage not located
  did you mean env_cfg?
include_coverage not located
  did you mean env_cfg?
include_coverage not located
  did you mean env_cfg?
include_coverage not located
  did you mean env_cfg?
include_coverage not located
  did you mean env_cfg?
include_coverage not located
  did you mean env_cfg?
include_coverage not located
  did you mean env_cfg?
include_coverage not located
  did you mean env_cfg?
include_coverage not located
  did you mean env_cfg?
include_coverage not located
  did you mean env_cfg?
include_coverage not located
  did you mean env_cfg?
include_coverage not located
  did you mean env_cfg?
include_coverage not located
  did you mean env_cfg?
include_coverage not located
  did you mean env_cfg?
include_coverage not located
  did you mean env_cfg?
include_coverage not located
  did you mean env_cfg?
include_coverage not located
  did you mean env_cfg?
include_coverage not located
  did you mean env_cfg?
include_coverage not located
  did you mean env_cfg?
include_coverage not located
  did you mean env_cfg?
include_coverage not located
  did you mean env_cfg?
include_coverage not located
  did you mean env_cfg?
include_coverage not located
  did you mean env_cfg?
include_coverage not located
  did you mean env_cfg?
include_coverage not located
  did you mean env_cfg?
include_coverage not located
  did you mean env_cfg?
include_coverage not located
  did you mean env_cfg?
include_coverage not located
  did you mean env_cfg?
include_coverage not located
  did you mean env_cfg?
include_coverage not located
  did you mean env_cfg?
include_coverage not located
  did you mean env_cfg?
include_coverage not located
  did you mean env_cfg?
include_coverage not located
  did you mean env_cfg?
include_coverage not located
  did you mean env_cfg?
include_coverage not located
  did you mean env_cfg?
include_coverage not located
  did you mean env_cfg?
include_coverage not located
  did you mean env_cfg?
include_coverage not located
  did you mean env_cfg?
include_coverage not located
  did you mean env_cfg?
include_coverage not located
  did you mean env_cfg?
include_coverage not located
  did you mean env_cfg?
include_coverage not located
  did you mean env_cfg?
include_coverage not located
  did you mean env_cfg?
include_coverage not located
  did you mean env_cfg?
include_coverage not located
  did you mean env_cfg?
include_coverage not located
  did you mean env_cfg?
include_coverage not located
  did you mean env_cfg?
include_coverage not located
  did you mean env_cfg?
include_coverage not located
  did you mean env_cfg?
include_coverage not located
  did you mean env_cfg?
include_coverage not located
  did you mean env_cfg?
include_coverage not located
  did you mean env_cfg?
include_coverage not located
  did you mean env_cfg?
include_coverage not located
  did you mean env_cfg?
include_coverage not located
  did you mean env_cfg?
include_coverage not located
  did you mean env_cfg?
include_coverage not located
  did you mean env_cfg?
include_coverage not located
  did you mean env_cfg?
include_coverage not located
  did you mean env_cfg?
include_coverage not located
  did you mean env_cfg?
include_coverage not located
  did you mean env_cfg?
include_coverage not located
  did you mean env_cfg?
include_coverage not located
  did you mean env_cfg?
include_coverage not located
  did you mean env_cfg?
include_coverage not located
  did you mean env_cfg?
include_coverage not located
  did you mean env_cfg?
include_coverage not located
  did you mean env_cfg?
include_coverage not located
  did you mean env_cfg?
include_coverage not located
  did you mean env_cfg?
include_coverage not located
  did you mean env_cfg?
include_coverage not located
  did you mean env_cfg?
include_coverage not located
  did you mean env_cfg?
include_coverage not located
  did you mean env_cfg?
include_coverage not located
  did you mean env_cfg?
include_coverage not located
  did you mean env_cfg?
include_coverage not located
  did you mean env_cfg?
include_coverage not located
  did you mean env_cfg?
include_coverage not located
  did you mean env_cfg?
include_coverage not located
  did you mean env_cfg?
include_coverage not located
  did you mean env_cfg?
include_coverage not located
  did you mean env_cfg?
include_coverage not located
  did you mean env_cfg?
include_coverage not located
  did you mean env_cfg?
include_coverage not located
  did you mean env_cfg?
include_coverage not located
  did you mean env_cfg?
include_coverage not located
  did you mean env_cfg?
include_coverage not located
  did you mean env_cfg?
include_coverage not located
  did you mean env_cfg?
include_coverage not located
  did you mean env_cfg?
include_coverage not located
  did you mean env_cfg?
include_coverage not located
  did you mean env_cfg?
include_coverage not located
  did you mean env_cfg?
include_coverage not located
  did you mean env_cfg?
include_coverage not located
  did you mean env_cfg?
include_coverage not located
  did you mean env_cfg?
include_coverage not located
  did you mean env_cfg?
include_coverage not located
  did you mean env_cfg?
include_coverage not located
  did you mean env_cfg?
include_coverage not located
  did you mean env_cfg?
include_coverage not located
  did you mean env_cfg?
include_coverage not located
  did you mean env_cfg?
include_coverage not located
  did you mean env_cfg?
include_coverage not located
  did you mean env_cfg?
include_coverage not located
  did you mean env_cfg?
include_coverage not located
  did you mean env_cfg?
include_coverage not located
  did you mean env_cfg?
include_coverage not located
  did you mean env_cfg?
include_coverage not located
  did you mean env_cfg?
include_coverage not located
  did you mean env_cfg?
include_coverage not located
  did you mean env_cfg?
include_coverage not located
  did you mean env_cfg?
include_coverage not located
  did you mean env_cfg?
include_coverage not located
  did you mean env_cfg?
include_coverage not located
  did you mean env_cfg?
include_coverage not located
  did you mean env_cfg?
include_coverage not located
  did you mean env_cfg?
include_coverage not located
  did you mean env_cfg?
include_coverage not located
  did you mean env_cfg?
include_coverage not located
  did you mean env_cfg?
include_coverage not located
  did you mean env_cfg?
include_coverage not located
  did you mean env_cfg?
include_coverage not located
  did you mean env_cfg?
include_coverage not located
  did you mean env_cfg?
include_coverage not located
  did you mean env_cfg?
include_coverage not located
  did you mean env_cfg?
include_coverage not located
  did you mean env_cfg?
include_coverage not located
  did you mean env_cfg?
include_coverage not located
  did you mean env_cfg?
include_coverage not located
  did you mean env_cfg?
include_coverage not located
  did you mean env_cfg?
include_coverage not located
  did you mean env_cfg?
include_coverage not located
  did you mean env_cfg?
include_coverage not located
  did you mean env_cfg?
include_coverage not located
  did you mean env_cfg?
include_coverage not located
  did you mean env_cfg?
include_coverage not located
  did you mean env_cfg?
include_coverage not located
  did you mean env_cfg?
include_coverage not located
  did you mean env_cfg?
include_coverage not located
  did you mean env_cfg?
include_coverage not located
  did you mean env_cfg?
include_coverage not located
  did you mean env_cfg?
include_coverage not located
  did you mean env_cfg?
include_coverage not located
  did you mean env_cfg?
include_coverage not located
  did you mean env_cfg?
include_coverage not located
  did you mean env_cfg?
include_coverage not located
  did you mean env_cfg?
include_coverage not located
  did you mean env_cfg?
include_coverage not located
  did you mean env_cfg?
include_coverage not located
  did you mean env_cfg?
include_coverage not located
  did you mean env_cfg?
include_coverage not located
  did you mean env_cfg?
include_coverage not located
  did you mean env_cfg?
include_coverage not located
  did you mean env_cfg?
include_coverage not located
  did you mean env_cfg?
include_coverage not located
  did you mean env_cfg?
include_coverage not located
  did you mean env_cfg?
include_coverage not located
  did you mean env_cfg?
include_coverage not located
  did you mean env_cfg?
include_coverage not located
  did you mean env_cfg?
include_coverage not located
  did you mean env_cfg?
include_coverage not located
  did you mean env_cfg?
include_coverage not located
  did you mean env_cfg?
include_coverage not located
  did you mean env_cfg?
include_coverage not located
  did you mean env_cfg?
include_coverage not located
  did you mean env_cfg?
include_coverage not located
  did you mean env_cfg?
include_coverage not located
  did you mean env_cfg?
include_coverage not located
  did you mean env_cfg?
include_coverage not located
  did you mean env_cfg?
include_coverage not located
  did you mean env_cfg?
include_coverage not located
  did you mean env_cfg?
include_coverage not located
  did you mean env_cfg?
include_coverage not located
  did you mean env_cfg?
include_coverage not located
  did you mean env_cfg?
include_coverage not located
  did you mean env_cfg?
include_coverage not located
  did you mean env_cfg?
include_coverage not located
  did you mean env_cfg?
include_coverage not located
  did you mean env_cfg?
include_coverage not located
  did you mean env_cfg?
include_coverage not located
  did you mean env_cfg?
include_coverage not located
  did you mean env_cfg?
include_coverage not located
  did you mean env_cfg?
include_coverage not located
  did you mean env_cfg?
include_coverage not located
  did you mean env_cfg?
include_coverage not located
  did you mean env_cfg?
include_coverage not located
  did you mean env_cfg?
include_coverage not located
  did you mean env_cfg?
include_coverage not located
  did you mean env_cfg?
include_coverage not located
  did you mean env_cfg?
include_coverage not located
  did you mean env_cfg?
include_coverage not located
  did you mean env_cfg?
include_coverage not located
  did you mean env_cfg?
include_coverage not located
  did you mean env_cfg?
include_coverage not located
  did you mean env_cfg?
include_coverage not located
  did you mean env_cfg?
include_coverage not located
  did you mean env_cfg?
include_coverage not located
  did you mean env_cfg?
include_coverage not located
  did you mean env_cfg?
include_coverage not located
  did you mean env_cfg?
include_coverage not located
  did you mean env_cfg?
include_coverage not located
  did you mean env_cfg?
include_coverage not located
  did you mean env_cfg?
include_coverage not located
  did you mean env_cfg?
include_coverage not located
  did you mean env_cfg?
include_coverage not located
  did you mean env_cfg?
include_coverage not located
  did you mean env_cfg?
include_coverage not located
  did you mean env_cfg?
UVM_FATAL ../../sv/host_driver.sv(20) @ 0: uvm_test_top.m_env.h_agent.driv [CFG_ERROR] Interface for DUT host not set

--- UVM Report Summary ---

** Report counts by severity
UVM_INFO :    5
UVM_WARNING :    1
UVM_ERROR :    0
UVM_FATAL :    1
** Report counts by id
[CFG_ERROR]     1
[CHECK_ENABLE]     1
[COVERAGE_ENABLE]     1
[HOST_CFG]     1
[ILLVERB]     1
[REG_MODEL]     1
[RNTST]     1
$finish called from file "../../../../uvm_11d//src/base/uvm_report_object.svh", line 292.
$finish at simulation time                    0
           V C S   S i m u l a t i o n   R e p o r t 
Time: 0 ps
CPU Time:      2.300 seconds;       Data structure size:   0.4Mb
Fri Nov  8 08:41:33 2019
CPU time: 10.589 seconds to compile + .024 seconds to elab + .375 seconds to link + 2.516 seconds in simulation
