
An unexpected exception has been detected in native code outside the VM.
Unexpected Signal : EXCEPTION_ACCESS_VIOLATION (0xc0000005) occurred at PC=0x78805490
Function=mpGetCWDName+0x20
Library=C:\MATLAB7\bin\win32\mpath.dll

Current Java thread:
	at com.mathworks.jmi.NativeMatlab.nativeMessageReceived(Native Method)
	at com.mathworks.jmi.NativeMatlab.messageReceived(NativeMatlab.java:271)
	at com.mathworks.jmi.MatlabLooper.interruptMatlab(MatlabLooper.java:134)
	at com.mathworks.jmi.Matlab$MatlabDirSeed.getValue(Matlab.java:2329)
	at com.mathworks.util.FactoryUtils.getDirectorySeed(FactoryUtils.java:32)
	at com.mathworks.mwswing.MJFileChooserPerPlatform.<init>(MJFileChooserPerPlatform.java:96)
	at com.mathworks.mde.desk.MLDesktop$OpenAction.actionPerformed(MLDesktop.java:1174)
	at javax.swing.AbstractButton.fireActionPerformed(Unknown Source)
	at javax.swing.AbstractButton$ForwardActionEvents.actionPerformed(Unknown Source)
	at javax.swing.DefaultButtonModel.fireActionPerformed(Unknown Source)
	at javax.swing.DefaultButtonModel.setPressed(Unknown Source)
	at javax.swing.plaf.basic.BasicButtonListener.mouseReleased(Unknown Source)
	at java.awt.AWTEventMulticaster.mouseReleased(Unknown Source)
	at java.awt.AWTEventMulticaster.mouseReleased(Unknown Source)
	at java.awt.AWTEventMulticaster.mouseReleased(Unknown Source)
	at java.awt.Component.processMouseEvent(Unknown Source)
	at java.awt.Component.processEvent(Unknown Source)
	at java.awt.Container.processEvent(Unknown Source)
	at java.awt.Component.dispatchEventImpl(Unknown Source)
	at java.awt.Container.dispatchEventImpl(Unknown Source)
	at java.awt.Component.dispatchEvent(Unknown Source)
	at java.awt.LightweightDispatcher.retargetMouseEvent(Unknown Source)
	at java.awt.LightweightDispatcher.processMouseEvent(Unknown Source)
	at java.awt.LightweightDispatcher.dispatchEvent(Unknown Source)
	at java.awt.Container.dispatchEventImpl(Unknown Source)
	at java.awt.Window.dispatchEventImpl(Unknown Source)
	at java.awt.Component.dispatchEvent(Unknown Source)
	at java.awt.EventQueue.dispatchEvent(Unknown Source)
	at java.awt.EventDispatchThread.pumpOneEventForHierarchy(Unknown Source)
	at java.awt.EventDispatchThread.pumpEventsForHierarchy(Unknown Source)
	at java.awt.EventDispatchThread.pumpEvents(Unknown Source)
	at java.awt.EventDispatchThread.pumpEvents(Unknown Source)
	at java.awt.EventDispatchThread.run(Unknown Source)

Dynamic libraries:
0x00400000 - 0x004D8000 	C:\MATLAB7\bin\win32\MATLAB.exe
0x7C920000 - 0x7C9B4000 	C:\WINDOWS\system32\ntdll.dll
0x7C800000 - 0x7C91C000 	C:\WINDOWS\system32\kernel32.dll
0x792F0000 - 0x7938E000 	C:\MATLAB7\bin\win32\mcr.dll
0x77D10000 - 0x77D9F000 	C:\WINDOWS\system32\USER32.dll
0x77EF0000 - 0x77F37000 	C:\WINDOWS\system32\GDI32.dll
0x76320000 - 0x76367000 	C:\WINDOWS\system32\comdlg32.dll
0x77F40000 - 0x77FB6000 	C:\WINDOWS\system32\SHLWAPI.dll
0x77DA0000 - 0x77E49000 	C:\WINDOWS\system32\ADVAPI32.dll
0x77E50000 - 0x77EE1000 	C:\WINDOWS\system32\RPCRT4.dll
0x77BE0000 - 0x77C38000 	C:\WINDOWS\system32\msvcrt.dll
0x5D170000 - 0x5D20A000 	C:\WINDOWS\system32\COMCTL32.dll
0x7D590000 - 0x7DD82000 	C:\WINDOWS\system32\SHELL32.dll
0x76990000 - 0x76ACD000 	C:\WINDOWS\system32\ole32.dll
0x78800000 - 0x78815000 	C:\MATLAB7\bin\win32\mpath.dll
0x78700000 - 0x78788000 	C:\MATLAB7\bin\win32\libut.dll
0x76C60000 - 0x76C88000 	C:\WINDOWS\system32\imagehlp.dll
0x78500000 - 0x78576000 	C:\MATLAB7\bin\win32\icuuc24.dll
0x78430000 - 0x78435000 	C:\MATLAB7\bin\win32\icudt24l.dll
0x7C340000 - 0x7C396000 	C:\MATLAB7\bin\win32\MSVCR71.dll
0x78440000 - 0x784C2000 	C:\MATLAB7\bin\win32\icuin24.dll
0x784D0000 - 0x784DD000 	C:\MATLAB7\bin\win32\icuio24.dll
0x7C3A0000 - 0x7C41B000 	C:\MATLAB7\bin\win32\MSVCP71.dll
0x770F0000 - 0x7717C000 	C:\WINDOWS\system32\OLEAUT32.dll
0x79AC0000 - 0x79AD1000 	C:\MATLAB7\bin\win32\mwoles05.dll
0x787F0000 - 0x787FE000 	C:\MATLAB7\bin\win32\mvalue.dll
0x78790000 - 0x787C5000 	C:\MATLAB7\bin\win32\libmx.dll
0x786E0000 - 0x786F2000 	C:\MATLAB7\bin\win32\libz.dll
0x79B70000 - 0x79BA5000 	C:\MATLAB7\bin\win32\comcli.dll
0x78930000 - 0x78993000 	C:\MATLAB7\bin\win32\m_dispatcher.dll
0x78580000 - 0x786D6000 	C:\MATLAB7\bin\win32\xerces-c_2_1_0.dll
0x78F70000 - 0x78FD4000 	C:\MATLAB7\bin\win32\libmwservices.dll
0x78F50000 - 0x78F61000 	C:\MATLAB7\bin\win32\datasvcs.dll
0x788B0000 - 0x7892D000 	C:\MATLAB7\bin\win32\udd.dll
0x78820000 - 0x788A5000 	C:\MATLAB7\bin\win32\mcos.dll
0x79020000 - 0x7909B000 	C:\MATLAB7\bin\win32\uiw.dll
0x792C0000 - 0x792EA000 	C:\MATLAB7\bin\win32\libmwhardcopy.dll
0x789A0000 - 0x78C28000 	C:\MATLAB7\bin\win32\m_interpreter.dll
0x78E30000 - 0x78E87000 	C:\MATLAB7\bin\win32\m_ir.dll
0x787D0000 - 0x787DE000 	C:\MATLAB7\bin\win32\libmex.dll
0x78ED0000 - 0x78F43000 	C:\MATLAB7\bin\win32\mlib.dll
0x78C30000 - 0x78E29000 	C:\MATLAB7\bin\win32\m_parser.dll
0x78EC0000 - 0x78ECA000 	C:\MATLAB7\bin\win32\ir_xfmr.dll
0x787E0000 - 0x787E9000 	C:\MATLAB7\bin\win32\libmat.dll
0x78EB0000 - 0x78EBF000 	C:\MATLAB7\bin\win32\m_pcodeio.dll
0x78E90000 - 0x78EA1000 	C:\MATLAB7\bin\win32\m_pcodegen.dll
0x790D0000 - 0x79145000 	C:\MATLAB7\bin\win32\libmwgui.dll
0x79BF0000 - 0x79D18000 	C:\MATLAB7\bin\win32\bridge.dll
0x77BD0000 - 0x77BD8000 	C:\WINDOWS\system32\VERSION.dll
0x79B40000 - 0x79B6B000 	C:\MATLAB7\bin\win32\jmi.dll
0x79150000 - 0x79291000 	C:\MATLAB7\bin\win32\hg.dll
0x790A0000 - 0x790BA000 	C:\MATLAB7\bin\win32\libuij.dll
0x79390000 - 0x794AF000 	C:\MATLAB7\bin\win32\numerics.dll
0x794F0000 - 0x79576000 	C:\MATLAB7\bin\win32\libfftw3.dll
0x79580000 - 0x79601000 	C:\MATLAB7\bin\win32\libfftw3f.dll
0x794B0000 - 0x794CC000 	C:\MATLAB7\bin\win32\libmwlapack.dll
0x79A80000 - 0x79AB2000 	C:\MATLAB7\bin\win32\libmwumfpack.dll
0x7C140000 - 0x7C243000 	C:\MATLAB7\bin\win32\MFC71.DLL
0x72F70000 - 0x72F96000 	C:\WINDOWS\system32\WINSPOOL.DRV
0x79AE0000 - 0x79B31000 	C:\MATLAB7\bin\win32\udd_mi.dll
0x5FDD0000 - 0x5FE24000 	C:\WINDOWS\system32\NETAPI32.dll
0x71A20000 - 0x71A37000 	C:\WINDOWS\system32\WS2_32.dll
0x71A10000 - 0x71A18000 	C:\WINDOWS\system32\WS2HELP.dll
0x790C0000 - 0x790C5000 	C:\MATLAB7\bin\win32\uinone.dll
0x79BB0000 - 0x79BB9000 	C:\MATLAB7\bin\win32\mlautoregister.dll
0x76300000 - 0x7631D000 	C:\WINDOWS\system32\IMM32.DLL
0x62C20000 - 0x62C29000 	C:\WINDOWS\system32\LPK.DLL
0x73FA0000 - 0x7400B000 	C:\WINDOWS\system32\USP10.dll
0x77180000 - 0x77283000 	C:\WINDOWS\WinSxS\x86_Microsoft.Windows.Common-Controls_6595b64144ccf1df_6.0.2600.2982_x-ww_ac3f9c03\comctl32.dll
0x7A7B0000 - 0x7A9C8000 	C:\MATLAB7\bin\win32\atlas_PIII.dll
0x79610000 - 0x79A64000 	C:\MATLAB7\bin\win32\lapack.dll
0x7C040000 - 0x7C0B5000 	C:\MATLAB7\bin\win32\DFORRT.dll
0x7C300000 - 0x7C30A000 	C:\MATLAB7\bin\win32\MFC71CHS.DLL
0x5ADC0000 - 0x5ADF7000 	C:\WINDOWS\system32\uxtheme.dll
0x74680000 - 0x746CB000 	C:\WINDOWS\system32\MSCTF.dll
0x69000000 - 0x694DD000 	C:\WINDOWS\system32\atioglxx.dll
0x78100000 - 0x78236000 	C:\MATLAB7\sys\java\jre\win32\jre1.4.2\bin\client\jvm.dll
0x76B10000 - 0x76B3A000 	C:\WINDOWS\system32\WINMM.dll
0x73640000 - 0x7366E000 	C:\WINDOWS\system32\msctfime.ime
0x77FC0000 - 0x77FD1000 	C:\WINDOWS\system32\Secur32.dll
0x76FA0000 - 0x7701F000 	C:\WINDOWS\system32\CLBCATQ.DLL
0x77020000 - 0x770BA000 	C:\WINDOWS\system32\COMRes.dll
0x78240000 - 0x78247000 	C:\MATLAB7\sys\java\jre\win32\jre1.4.2\bin\hpi.dll
0x78250000 - 0x7825E000 	C:\MATLAB7\sys\java\jre\win32\jre1.4.2\bin\verify.dll
0x78260000 - 0x78278000 	C:\MATLAB7\sys\java\jre\win32\jre1.4.2\bin\java.dll
0x78280000 - 0x7828D000 	C:\MATLAB7\sys\java\jre\win32\jre1.4.2\bin\zip.dll
0x78290000 - 0x7839A000 	C:\MATLAB7\sys\java\jre\win32\jre1.4.2\bin\awt.dll
0x783E0000 - 0x78430000 	C:\MATLAB7\sys\java\jre\win32\jre1.4.2\bin\fontmanager.dll
0x79D20000 - 0x79D32000 	C:\MATLAB7\bin\win32\jmi_mi.dll
0x10000000 - 0x103FE000 	C:\WINDOWS\resources\Themes\luna\luna.msstyles
0x7A780000 - 0x7A78A000 	C:\MATLAB7\bin\win32\nativejava.dll
0x7A790000 - 0x7A797000 	C:\MATLAB7\bin\win32\nativelex.dll
0x792A0000 - 0x792BD000 	C:\MATLAB7\bin\win32\glren.dll
0x5EF10000 - 0x5EFDC000 	C:\WINDOWS\system32\OPENGL32.dll
0x68E20000 - 0x68E40000 	C:\WINDOWS\system32\GLU32.dll
0x736D0000 - 0x73719000 	C:\WINDOWS\system32\DDRAW.dll
0x73B30000 - 0x73B36000 	C:\WINDOWS\system32\DCIMAN32.dll
0x76840000 - 0x76873000 	C:\WINDOWS\System32\spool\DRIVERS\W32X86\3\UNIDRVUI.DLL
0x68D60000 - 0x68E01000 	C:\WINDOWS\system32\DBGHELP.dll
0x78FE0000 - 0x7901E000 	C:\MATLAB7\bin\win32\libmwbuiltins.dll
0x76BC0000 - 0x76BCB000 	C:\WINDOWS\system32\PSAPI.DLL

Heap at VM Abort:
Heap
 def new generation   total 2240K, used 1300K [0x05d60000, 0x05fc0000, 0x06680000)
  eden space 2048K,  61% used [0x05d60000, 0x05e9bab0, 0x05f60000)
  from space 192K,  19% used [0x05f90000, 0x05f99800, 0x05fc0000)
  to   space 192K,   0% used [0x05f60000, 0x05f60000, 0x05f90000)
 tenured generation   total 14080K, used 5801K [0x06680000, 0x07440000, 0x09d60000)
   the space 14080K,  41% used [0x06680000, 0x06c2a498, 0x06c2a600, 0x07440000)
 compacting perm gen  total 10752K, used 10526K [0x09d60000, 0x0a7e0000, 0x0dd60000)
   the space 10752K,  97% used [0x09d60000, 0x0a7a7930, 0x0a7a7a00, 0x0a7e0000)

Local Time = Sun May 13 15:35:52 2007
Elapsed Time = 12
#
# The exception above was detected in native code outside the VM
#
# Java VM: Java HotSpot(TM) Client VM (1.4.2-b28 mixed mode)
#
